<?xml version="1.0" encoding="utf-8"?><testsuites name="pytest tests"><testsuite name="pytest" errors="0" failures="0" skipped="0" tests="2" time="181.625" timestamp="2026-03-05T12:55:36.316680+00:00" hostname="github-actions.vm.mmb.pcb.ub.es"><testcase classname="biobb_cp2k.test.unitests.test_cp2k.test_cp2k_prep.TestCp2kPrep" name="test_cp2k_prep" time="0.061" /><testcase classname="biobb_cp2k.test.unitests.test_cp2k.test_cp2k_run.TestCp2kRun" name="test_cp2k_run" time="180.890" /></testsuite></testsuites>