<?xml version="1.0" ?>
<coverage version="7.6.4" timestamp="1730717684880" lines-valid="435" lines-covered="315" line-rate="0.7241" branches-covered="0" branches-valid="0" branch-rate="0" complexity="0">
	<!-- Generated by coverage.py: https://coverage.readthedocs.io/en/7.6.4 -->
	<!-- Based on https://raw.githubusercontent.com/cobertura/web/master/htdocs/xml/coverage-04.dtd -->
	<sources>
		<source>/home/user/actions-runner/_work/biobb_cp2k/biobb_cp2k</source>
	</sources>
	<packages>
		<package name="biobb_cp2k" line-rate="1" branch-rate="0" complexity="0">
			<classes>
				<class name="__init__.py" filename="biobb_cp2k/__init__.py" complexity="0" line-rate="1" branch-rate="0">
					<methods/>
					<lines>
						<line number="1" hits="1"/>
						<line number="2" hits="1"/>
						<line number="3" hits="1"/>
						<line number="4" hits="1"/>
					</lines>
				</class>
			</classes>
		</package>
		<package name="biobb_cp2k.cp2k" line-rate="0.7044" branch-rate="0" complexity="0">
			<classes>
				<class name="__init__.py" filename="biobb_cp2k/cp2k/__init__.py" complexity="0" line-rate="1" branch-rate="0">
					<methods/>
					<lines>
						<line number="1" hits="1"/>
						<line number="2" hits="1"/>
						<line number="3" hits="1"/>
						<line number="4" hits="1"/>
					</lines>
				</class>
				<class name="common.py" filename="biobb_cp2k/cp2k/common.py" complexity="0" line-rate="0.6429" branch-rate="0">
					<methods/>
					<lines>
						<line number="2" hits="1"/>
						<line number="3" hits="1"/>
						<line number="7" hits="1"/>
						<line number="9" hits="1"/>
						<line number="10" hits="1"/>
						<line number="11" hits="1"/>
						<line number="12" hits="0"/>
						<line number="13" hits="0"/>
						<line number="14" hits="0"/>
						<line number="15" hits="1"/>
						<line number="16" hits="1"/>
						<line number="17" hits="0"/>
						<line number="18" hits="0"/>
						<line number="19" hits="1"/>
						<line number="22" hits="1"/>
						<line number="24" hits="1"/>
						<line number="25" hits="0"/>
						<line number="26" hits="1"/>
						<line number="27" hits="0"/>
						<line number="28" hits="0"/>
						<line number="29" hits="1"/>
						<line number="30" hits="1"/>
						<line number="31" hits="0"/>
						<line number="32" hits="0"/>
						<line number="33" hits="1"/>
						<line number="36" hits="1"/>
						<line number="38" hits="1"/>
						<line number="47" hits="1"/>
					</lines>
				</class>
				<class name="cp2k_prep.py" filename="biobb_cp2k/cp2k/cp2k_prep.py" complexity="0" line-rate="0.6993" branch-rate="0">
					<methods/>
					<lines>
						<line number="4" hits="1"/>
						<line number="5" hits="1"/>
						<line number="6" hits="1"/>
						<line number="7" hits="1"/>
						<line number="8" hits="1"/>
						<line number="9" hits="1"/>
						<line number="10" hits="1"/>
						<line number="11" hits="1"/>
						<line number="12" hits="1"/>
						<line number="13" hits="1"/>
						<line number="14" hits="1"/>
						<line number="17" hits="1"/>
						<line number="58" hits="1"/>
						<line number="62" hits="1"/>
						<line number="65" hits="1"/>
						<line number="66" hits="1"/>
						<line number="69" hits="1"/>
						<line number="77" hits="1"/>
						<line number="78" hits="1"/>
						<line number="79" hits="1"/>
						<line number="80" hits="1"/>
						<line number="84" hits="1"/>
						<line number="85" hits="1"/>
						<line number="87" hits="1"/>
						<line number="88" hits="1"/>
						<line number="89" hits="1"/>
						<line number="90" hits="1"/>
						<line number="91" hits="1"/>
						<line number="92" hits="0"/>
						<line number="93" hits="1"/>
						<line number="94" hits="1"/>
						<line number="95" hits="1"/>
						<line number="96" hits="1"/>
						<line number="98" hits="1"/>
						<line number="99" hits="1"/>
						<line number="100" hits="1"/>
						<line number="101" hits="1"/>
						<line number="103" hits="1"/>
						<line number="104" hits="0"/>
						<line number="105" hits="1"/>
						<line number="106" hits="1"/>
						<line number="107" hits="1"/>
						<line number="108" hits="1"/>
						<line number="109" hits="1"/>
						<line number="110" hits="1"/>
						<line number="111" hits="1"/>
						<line number="112" hits="1"/>
						<line number="113" hits="1"/>
						<line number="114" hits="1"/>
						<line number="116" hits="1"/>
						<line number="117" hits="1"/>
						<line number="118" hits="1"/>
						<line number="119" hits="1"/>
						<line number="121" hits="0"/>
						<line number="123" hits="1"/>
						<line number="124" hits="1"/>
						<line number="125" hits="1"/>
						<line number="127" hits="1"/>
						<line number="128" hits="1"/>
						<line number="131" hits="1"/>
						<line number="132" hits="1"/>
						<line number="133" hits="1"/>
						<line number="134" hits="1"/>
						<line number="135" hits="1"/>
						<line number="136" hits="1"/>
						<line number="137" hits="1"/>
						<line number="138" hits="1"/>
						<line number="139" hits="1"/>
						<line number="141" hits="1"/>
						<line number="142" hits="1"/>
						<line number="143" hits="1"/>
						<line number="145" hits="1"/>
						<line number="146" hits="1"/>
						<line number="147" hits="1"/>
						<line number="148" hits="1"/>
						<line number="149" hits="1"/>
						<line number="150" hits="1"/>
						<line number="151" hits="1"/>
						<line number="152" hits="1"/>
						<line number="153" hits="1"/>
						<line number="154" hits="1"/>
						<line number="155" hits="1"/>
						<line number="157" hits="1"/>
						<line number="158" hits="1"/>
						<line number="160" hits="1"/>
						<line number="161" hits="1"/>
						<line number="162" hits="1"/>
						<line number="164" hits="1"/>
						<line number="166" hits="1"/>
						<line number="167" hits="1"/>
						<line number="169" hits="1"/>
						<line number="170" hits="1"/>
						<line number="171" hits="1"/>
						<line number="173" hits="1"/>
						<line number="174" hits="1"/>
						<line number="176" hits="1"/>
						<line number="177" hits="1"/>
						<line number="178" hits="1"/>
						<line number="179" hits="1"/>
						<line number="180" hits="1"/>
						<line number="181" hits="1"/>
						<line number="183" hits="1"/>
						<line number="185" hits="1"/>
						<line number="187" hits="1"/>
						<line number="188" hits="1"/>
						<line number="190" hits="1"/>
						<line number="191" hits="1"/>
						<line number="192" hits="1"/>
						<line number="193" hits="1"/>
						<line number="194" hits="1"/>
						<line number="195" hits="1"/>
						<line number="196" hits="1"/>
						<line number="197" hits="1"/>
						<line number="198" hits="1"/>
						<line number="200" hits="1"/>
						<line number="202" hits="1"/>
						<line number="203" hits="1"/>
						<line number="204" hits="1"/>
						<line number="205" hits="1"/>
						<line number="206" hits="1"/>
						<line number="207" hits="1"/>
						<line number="208" hits="1"/>
						<line number="209" hits="1"/>
						<line number="210" hits="1"/>
						<line number="211" hits="1"/>
						<line number="212" hits="1"/>
						<line number="213" hits="1"/>
						<line number="214" hits="1"/>
						<line number="215" hits="1"/>
						<line number="216" hits="1"/>
						<line number="217" hits="1"/>
						<line number="220" hits="1"/>
						<line number="223" hits="1"/>
						<line number="224" hits="1"/>
						<line number="225" hits="1"/>
						<line number="227" hits="1"/>
						<line number="228" hits="1"/>
						<line number="229" hits="1"/>
						<line number="231" hits="1"/>
						<line number="232" hits="1"/>
						<line number="233" hits="1"/>
						<line number="239" hits="1"/>
						<line number="241" hits="1"/>
						<line number="243" hits="1"/>
						<line number="245" hits="1"/>
						<line number="247" hits="1"/>
						<line number="248" hits="0"/>
						<line number="249" hits="0"/>
						<line number="250" hits="0"/>
						<line number="251" hits="0"/>
						<line number="252" hits="0"/>
						<line number="253" hits="0"/>
						<line number="254" hits="0"/>
						<line number="255" hits="0"/>
						<line number="256" hits="0"/>
						<line number="257" hits="0"/>
						<line number="258" hits="0"/>
						<line number="259" hits="0"/>
						<line number="260" hits="0"/>
						<line number="261" hits="0"/>
						<line number="262" hits="0"/>
						<line number="263" hits="0"/>
						<line number="264" hits="0"/>
						<line number="265" hits="0"/>
						<line number="266" hits="0"/>
						<line number="267" hits="0"/>
						<line number="268" hits="0"/>
						<line number="269" hits="0"/>
						<line number="271" hits="0"/>
						<line number="273" hits="0"/>
						<line number="274" hits="0"/>
						<line number="276" hits="1"/>
						<line number="278" hits="1"/>
						<line number="279" hits="1"/>
						<line number="280" hits="1"/>
						<line number="281" hits="1"/>
						<line number="282" hits="1"/>
						<line number="283" hits="1"/>
						<line number="284" hits="0"/>
						<line number="285" hits="1"/>
						<line number="286" hits="0"/>
						<line number="287" hits="1"/>
						<line number="288" hits="1"/>
						<line number="290" hits="0"/>
						<line number="292" hits="1"/>
						<line number="293" hits="0"/>
						<line number="294" hits="0"/>
						<line number="295" hits="0"/>
						<line number="296" hits="0"/>
						<line number="297" hits="0"/>
						<line number="298" hits="0"/>
						<line number="300" hits="0"/>
						<line number="301" hits="1"/>
						<line number="302" hits="0"/>
						<line number="303" hits="0"/>
						<line number="304" hits="0"/>
						<line number="305" hits="0"/>
						<line number="306" hits="0"/>
						<line number="307" hits="0"/>
						<line number="309" hits="0"/>
						<line number="310" hits="1"/>
						<line number="311" hits="1"/>
						<line number="312" hits="1"/>
						<line number="313" hits="0"/>
						<line number="314" hits="0"/>
						<line number="315" hits="0"/>
						<line number="316" hits="0"/>
						<line number="318" hits="0"/>
						<line number="320" hits="0"/>
						<line number="321" hits="1"/>
						<line number="323" hits="1"/>
						<line number="327" hits="1"/>
						<line number="328" hits="1"/>
						<line number="329" hits="1"/>
						<line number="332" hits="1"/>
						<line number="334" hits="1"/>
						<line number="335" hits="0"/>
						<line number="336" hits="0"/>
						<line number="337" hits="0"/>
						<line number="339" hits="0"/>
						<line number="340" hits="0"/>
						<line number="342" hits="1"/>
						<line number="343" hits="1"/>
						<line number="347" hits="1"/>
						<line number="350" hits="1"/>
						<line number="351" hits="0"/>
						<line number="352" hits="1"/>
						<line number="357" hits="1"/>
						<line number="358" hits="1"/>
						<line number="363" hits="1"/>
						<line number="364" hits="0"/>
						<line number="365" hits="0"/>
						<line number="366" hits="1"/>
						<line number="368" hits="1"/>
						<line number="369" hits="1"/>
						<line number="370" hits="1"/>
						<line number="371" hits="0"/>
						<line number="372" hits="0"/>
						<line number="373" hits="0"/>
						<line number="374" hits="0"/>
						<line number="375" hits="0"/>
						<line number="376" hits="0"/>
						<line number="378" hits="0"/>
						<line number="379" hits="0"/>
						<line number="381" hits="0"/>
						<line number="383" hits="1"/>
						<line number="384" hits="1"/>
						<line number="385" hits="1"/>
						<line number="387" hits="1"/>
						<line number="388" hits="1"/>
						<line number="389" hits="1"/>
						<line number="392" hits="1"/>
						<line number="393" hits="0"/>
						<line number="396" hits="1"/>
						<line number="397" hits="1"/>
						<line number="399" hits="0"/>
						<line number="400" hits="0"/>
						<line number="403" hits="0"/>
						<line number="405" hits="1"/>
						<line number="407" hits="0"/>
						<line number="408" hits="0"/>
						<line number="411" hits="1"/>
						<line number="412" hits="1"/>
						<line number="413" hits="1"/>
						<line number="417" hits="1"/>
						<line number="418" hits="1"/>
						<line number="420" hits="1"/>
						<line number="423" hits="1"/>
						<line number="425" hits="1"/>
						<line number="427" hits="1"/>
						<line number="430" hits="1"/>
						<line number="436" hits="1"/>
						<line number="443" hits="1"/>
						<line number="444" hits="0"/>
						<line number="445" hits="0"/>
						<line number="448" hits="0"/>
						<line number="449" hits="0"/>
						<line number="450" hits="0"/>
						<line number="451" hits="0"/>
						<line number="452" hits="0"/>
						<line number="454" hits="0"/>
						<line number="456" hits="0"/>
						<line number="458" hits="0"/>
						<line number="461" hits="0"/>
						<line number="468" hits="1"/>
						<line number="469" hits="0"/>
					</lines>
				</class>
				<class name="cp2k_run.py" filename="biobb_cp2k/cp2k/cp2k_run.py" complexity="0" line-rate="0.7273" branch-rate="0">
					<methods/>
					<lines>
						<line number="4" hits="1"/>
						<line number="5" hits="1"/>
						<line number="6" hits="1"/>
						<line number="7" hits="1"/>
						<line number="8" hits="1"/>
						<line number="9" hits="1"/>
						<line number="10" hits="1"/>
						<line number="11" hits="1"/>
						<line number="12" hits="1"/>
						<line number="13" hits="1"/>
						<line number="16" hits="1"/>
						<line number="62" hits="1"/>
						<line number="66" hits="1"/>
						<line number="69" hits="1"/>
						<line number="70" hits="1"/>
						<line number="73" hits="1"/>
						<line number="81" hits="1"/>
						<line number="82" hits="1"/>
						<line number="83" hits="1"/>
						<line number="86" hits="1"/>
						<line number="87" hits="1"/>
						<line number="88" hits="1"/>
						<line number="91" hits="1"/>
						<line number="92" hits="1"/>
						<line number="94" hits="1"/>
						<line number="98" hits="1"/>
						<line number="101" hits="1"/>
						<line number="102" hits="1"/>
						<line number="103" hits="1"/>
						<line number="105" hits="1"/>
						<line number="106" hits="1"/>
						<line number="110" hits="1"/>
						<line number="113" hits="1"/>
						<line number="114" hits="0"/>
						<line number="115" hits="1"/>
						<line number="118" hits="1"/>
						<line number="119" hits="1"/>
						<line number="121" hits="1"/>
						<line number="124" hits="1"/>
						<line number="126" hits="1"/>
						<line number="128" hits="0"/>
						<line number="129" hits="0"/>
						<line number="130" hits="0"/>
						<line number="131" hits="0"/>
						<line number="135" hits="1"/>
						<line number="141" hits="1"/>
						<line number="142" hits="0"/>
						<line number="143" hits="0"/>
						<line number="144" hits="0"/>
						<line number="145" hits="0"/>
						<line number="146" hits="0"/>
						<line number="147" hits="0"/>
						<line number="148" hits="0"/>
						<line number="151" hits="1"/>
						<line number="154" hits="1"/>
						<line number="155" hits="1"/>
						<line number="156" hits="1"/>
						<line number="157" hits="1"/>
						<line number="158" hits="1"/>
						<line number="165" hits="1"/>
						<line number="166" hits="1"/>
						<line number="168" hits="1"/>
						<line number="170" hits="1"/>
						<line number="173" hits="1"/>
						<line number="174" hits="1"/>
						<line number="175" hits="1"/>
						<line number="176" hits="1"/>
						<line number="179" hits="1"/>
						<line number="182" hits="1"/>
						<line number="186" hits="1"/>
						<line number="188" hits="1"/>
						<line number="190" hits="1"/>
						<line number="193" hits="1"/>
						<line number="199" hits="1"/>
						<line number="206" hits="1"/>
						<line number="207" hits="0"/>
						<line number="208" hits="0"/>
						<line number="211" hits="0"/>
						<line number="212" hits="0"/>
						<line number="213" hits="0"/>
						<line number="214" hits="0"/>
						<line number="215" hits="0"/>
						<line number="217" hits="0"/>
						<line number="219" hits="0"/>
						<line number="221" hits="0"/>
						<line number="224" hits="0"/>
						<line number="231" hits="1"/>
						<line number="232" hits="0"/>
					</lines>
				</class>
			</classes>
		</package>
		<package name="biobb_cp2k.test.unitests.test_cp2k" line-rate="1" branch-rate="0" complexity="0">
			<classes>
				<class name="test_cp2k_prep.py" filename="biobb_cp2k/test/unitests/test_cp2k/test_cp2k_prep.py" complexity="0" line-rate="1" branch-rate="0">
					<methods/>
					<lines>
						<line number="2" hits="1"/>
						<line number="3" hits="1"/>
						<line number="6" hits="1"/>
						<line number="7" hits="1"/>
						<line number="8" hits="1"/>
						<line number="10" hits="1"/>
						<line number="11" hits="1"/>
						<line number="12" hits="1"/>
						<line number="14" hits="1"/>
						<line number="15" hits="1"/>
						<line number="16" hits="1"/>
						<line number="17" hits="1"/>
					</lines>
				</class>
				<class name="test_cp2k_run.py" filename="biobb_cp2k/test/unitests/test_cp2k/test_cp2k_run.py" complexity="0" line-rate="1" branch-rate="0">
					<methods/>
					<lines>
						<line number="2" hits="1"/>
						<line number="3" hits="1"/>
						<line number="6" hits="1"/>
						<line number="7" hits="1"/>
						<line number="8" hits="1"/>
						<line number="10" hits="1"/>
						<line number="11" hits="1"/>
						<line number="12" hits="1"/>
						<line number="14" hits="1"/>
						<line number="15" hits="1"/>
						<line number="16" hits="1"/>
						<line number="17" hits="1"/>
						<line number="18" hits="1"/>
					</lines>
				</class>
			</classes>
		</package>
	</packages>
</coverage>
